{"name":"Book a flight","status":"broken","statusDetails":{"known":false,"muted":false,"flaky":false,"message":"no such element: Unable to locate element: {\"method\":\"xpath\",\"selector\":\"//div[contains(text(), 'Departs')]//..//..//div[contains(text(),'12:00 AM - 17:59 PM')]//..//..//span\"}\n  (Session info: chrome=93.0.4577.63)\nFor documentation on this error, please visit: https://www.seleniumhq.org/exceptions/no_such_element.html\nBuild info: version: '3.141.59', revision: 'e82be7d358', time: '2018-11-14T08:17:03'\nSystem info: host: 'NB003', ip: '192.168.138.96', os.name: 'Windows 10', os.arch: 'amd64', os.version: '10.0', java.version: '1.8.0_202'\nDriver info: org.openqa.selenium.chrome.ChromeDriver\nCapabilities {acceptInsecureCerts: false, browserName: chrome, browserVersion: 93.0.4577.63, chrome: {chromedriverVersion: 93.0.4577.63 (ff5c0da2ec0ad..., userDataDir: C:\\Users\\DANIJE~1.CUR\\AppDa...}, goog:chromeOptions: {debuggerAddress: localhost:54083}, javascriptEnabled: true, networkConnectionEnabled: false, pageLoadStrategy: normal, platform: WINDOWS, platformName: WINDOWS, proxy: Proxy(), setWindowRect: true, strictFileInteractability: false, timeouts: {implicit: 0, pageLoad: 300000, script: 30000}, unhandledPromptBehavior: dismiss and notify, webauthn:extension:credBlob: true, webauthn:extension:largeBlob: true, webauthn:virtualAuthenticators: true}\nSession ID: 9ac7e603ac6ac304daf6549c21c7e1b1\n*** Element info: {Using=xpath, value=//div[contains(text(), 'Departs')]//..//..//div[contains(text(),'12:00 AM - 17:59 PM')]//..//..//span}","trace":"org.openqa.selenium.NoSuchElementException: no such element: Unable to locate element: {\"method\":\"xpath\",\"selector\":\"//div[contains(text(), 'Departs')]//..//..//div[contains(text(),'12:00 AM - 17:59 PM')]//..//..//span\"}\n  (Session info: chrome=93.0.4577.63)\nFor documentation on this error, please visit: https://www.seleniumhq.org/exceptions/no_such_element.html\nBuild info: version: '3.141.59', revision: 'e82be7d358', time: '2018-11-14T08:17:03'\nSystem info: host: 'NB003', ip: '192.168.138.96', os.name: 'Windows 10', os.arch: 'amd64', os.version: '10.0', java.version: '1.8.0_202'\nDriver info: org.openqa.selenium.chrome.ChromeDriver\nCapabilities {acceptInsecureCerts: false, browserName: chrome, browserVersion: 93.0.4577.63, chrome: {chromedriverVersion: 93.0.4577.63 (ff5c0da2ec0ad..., userDataDir: C:\\Users\\DANIJE~1.CUR\\AppDa...}, goog:chromeOptions: {debuggerAddress: localhost:54083}, javascriptEnabled: true, networkConnectionEnabled: false, pageLoadStrategy: normal, platform: WINDOWS, platformName: WINDOWS, proxy: Proxy(), setWindowRect: true, strictFileInteractability: false, timeouts: {implicit: 0, pageLoad: 300000, script: 30000}, unhandledPromptBehavior: dismiss and notify, webauthn:extension:credBlob: true, webauthn:extension:largeBlob: true, webauthn:virtualAuthenticators: true}\nSession ID: 9ac7e603ac6ac304daf6549c21c7e1b1\n*** Element info: {Using=xpath, value=//div[contains(text(), 'Departs')]//..//..//div[contains(text(),'12:00 AM - 17:59 PM')]//..//..//span}\r\n\tat sun.reflect.NativeConstructorAccessorImpl.newInstance0(Native Method)\r\n\tat sun.reflect.NativeConstructorAccessorImpl.newInstance(NativeConstructorAccessorImpl.java:62)\r\n\tat sun.reflect.DelegatingConstructorAccessorImpl.newInstance(DelegatingConstructorAccessorImpl.java:45)\r\n\tat java.lang.reflect.Constructor.newInstance(Constructor.java:423)\r\n\tat org.openqa.selenium.remote.http.W3CHttpResponseCodec.createException(W3CHttpResponseCodec.java:187)\r\n\tat org.openqa.selenium.remote.http.W3CHttpResponseCodec.decode(W3CHttpResponseCodec.java:122)\r\n\tat org.openqa.selenium.remote.http.W3CHttpResponseCodec.decode(W3CHttpResponseCodec.java:49)\r\n\tat org.openqa.selenium.remote.HttpCommandExecutor.execute(HttpCommandExecutor.java:158)\r\n\tat org.openqa.selenium.remote.service.DriverCommandExecutor.execute(DriverCommandExecutor.java:83)\r\n\tat org.openqa.selenium.remote.RemoteWebDriver.execute(RemoteWebDriver.java:552)\r\n\tat org.openqa.selenium.remote.RemoteWebDriver.findElement(RemoteWebDriver.java:323)\r\n\tat org.openqa.selenium.remote.RemoteWebDriver.findElementByXPath(RemoteWebDriver.java:428)\r\n\tat org.openqa.selenium.By$ByXPath.findElement(By.java:353)\r\n\tat org.openqa.selenium.remote.RemoteWebDriver.findElement(RemoteWebDriver.java:315)\r\n\tat pages.FlightsPage.chooseFlightTime(FlightsPage.java:94)\r\n\tat steps.BookingSteps.iChooseFlightTime(BookingSteps.java:93)\r\n\tat ✽.I choose flight time \"12:00 AM - 17:59 PM\"(file:///C:/Users/danijela.curuvija/Desktop/Projekti_Automation_QA/BookingFlightFinal/src/test/java/features/Booking.feature:15)\r\n"},"stage":"finished","steps":[{"name":"Given  I navigate to Booking","status":"passed","statusDetails":{"known":false,"muted":false,"flaky":false},"stage":"finished","steps":[],"attachments":[],"parameters":[],"start":1646313984478,"stop":1646313987217},{"name":"Then  I navigate to flights page","status":"passed","statusDetails":{"known":false,"muted":false,"flaky":false},"stage":"finished","steps":[],"attachments":[],"parameters":[],"start":1646313987217,"stop":1646313991334},{"name":"And  I select flight class \"PREMIUM_ECONOMY\"","status":"passed","statusDetails":{"known":false,"muted":false,"flaky":false},"stage":"finished","steps":[],"attachments":[],"parameters":[],"start":1646313991335,"stop":1646313991542},{"name":"And  I select number of passengers","status":"passed","statusDetails":{"known":false,"muted":false,"flaky":false},"stage":"finished","steps":[],"attachments":[],"parameters":[],"start":1646313991543,"stop":1646313992678},{"name":"And  I add destination \"Budapest\"","status":"passed","statusDetails":{"known":false,"muted":false,"flaky":false},"stage":"finished","steps":[],"attachments":[],"parameters":[],"start":1646313992678,"stop":1646313994047},{"name":"And  I add depart and return date \"2022-03-20\" \"2022-03-25\"","status":"passed","statusDetails":{"known":false,"muted":false,"flaky":false},"stage":"finished","steps":[],"attachments":[],"parameters":[],"start":1646313994047,"stop":1646314004879},{"name":"And  I click search","status":"passed","statusDetails":{"known":false,"muted":false,"flaky":false},"stage":"finished","steps":[],"attachments":[],"parameters":[],"start":1646314004880,"stop":1646314010239},{"name":"Then  I choose flight time \"12:00 AM - 17:59 PM\"","status":"broken","statusDetails":{"known":false,"muted":false,"flaky":false,"message":"no such element: Unable to locate element: {\"method\":\"xpath\",\"selector\":\"//div[contains(text(), 'Departs')]//..//..//div[contains(text(),'12:00 AM - 17:59 PM')]//..//..//span\"}\n  (Session info: chrome=93.0.4577.63)\nFor documentation on this error, please visit: https://www.seleniumhq.org/exceptions/no_such_element.html\nBuild info: version: '3.141.59', revision: 'e82be7d358', time: '2018-11-14T08:17:03'\nSystem info: host: 'NB003', ip: '192.168.138.96', os.name: 'Windows 10', os.arch: 'amd64', os.version: '10.0', java.version: '1.8.0_202'\nDriver info: org.openqa.selenium.chrome.ChromeDriver\nCapabilities {acceptInsecureCerts: false, browserName: chrome, browserVersion: 93.0.4577.63, chrome: {chromedriverVersion: 93.0.4577.63 (ff5c0da2ec0ad..., userDataDir: C:\\Users\\DANIJE~1.CUR\\AppDa...}, goog:chromeOptions: {debuggerAddress: localhost:54083}, javascriptEnabled: true, networkConnectionEnabled: false, pageLoadStrategy: normal, platform: WINDOWS, platformName: WINDOWS, proxy: Proxy(), setWindowRect: true, strictFileInteractability: false, timeouts: {implicit: 0, pageLoad: 300000, script: 30000}, unhandledPromptBehavior: dismiss and notify, webauthn:extension:credBlob: true, webauthn:extension:largeBlob: true, webauthn:virtualAuthenticators: true}\nSession ID: 9ac7e603ac6ac304daf6549c21c7e1b1\n*** Element info: {Using=xpath, value=//div[contains(text(), 'Departs')]//..//..//div[contains(text(),'12:00 AM - 17:59 PM')]//..//..//span}","trace":"org.openqa.selenium.NoSuchElementException: no such element: Unable to locate element: {\"method\":\"xpath\",\"selector\":\"//div[contains(text(), 'Departs')]//..//..//div[contains(text(),'12:00 AM - 17:59 PM')]//..//..//span\"}\n  (Session info: chrome=93.0.4577.63)\nFor documentation on this error, please visit: https://www.seleniumhq.org/exceptions/no_such_element.html\nBuild info: version: '3.141.59', revision: 'e82be7d358', time: '2018-11-14T08:17:03'\nSystem info: host: 'NB003', ip: '192.168.138.96', os.name: 'Windows 10', os.arch: 'amd64', os.version: '10.0', java.version: '1.8.0_202'\nDriver info: org.openqa.selenium.chrome.ChromeDriver\nCapabilities {acceptInsecureCerts: false, browserName: chrome, browserVersion: 93.0.4577.63, chrome: {chromedriverVersion: 93.0.4577.63 (ff5c0da2ec0ad..., userDataDir: C:\\Users\\DANIJE~1.CUR\\AppDa...}, goog:chromeOptions: {debuggerAddress: localhost:54083}, javascriptEnabled: true, networkConnectionEnabled: false, pageLoadStrategy: normal, platform: WINDOWS, platformName: WINDOWS, proxy: Proxy(), setWindowRect: true, strictFileInteractability: false, timeouts: {implicit: 0, pageLoad: 300000, script: 30000}, unhandledPromptBehavior: dismiss and notify, webauthn:extension:credBlob: true, webauthn:extension:largeBlob: true, webauthn:virtualAuthenticators: true}\nSession ID: 9ac7e603ac6ac304daf6549c21c7e1b1\n*** Element info: {Using=xpath, value=//div[contains(text(), 'Departs')]//..//..//div[contains(text(),'12:00 AM - 17:59 PM')]//..//..//span}\r\n\tat sun.reflect.NativeConstructorAccessorImpl.newInstance0(Native Method)\r\n\tat sun.reflect.NativeConstructorAccessorImpl.newInstance(NativeConstructorAccessorImpl.java:62)\r\n\tat sun.reflect.DelegatingConstructorAccessorImpl.newInstance(DelegatingConstructorAccessorImpl.java:45)\r\n\tat java.lang.reflect.Constructor.newInstance(Constructor.java:423)\r\n\tat org.openqa.selenium.remote.http.W3CHttpResponseCodec.createException(W3CHttpResponseCodec.java:187)\r\n\tat org.openqa.selenium.remote.http.W3CHttpResponseCodec.decode(W3CHttpResponseCodec.java:122)\r\n\tat org.openqa.selenium.remote.http.W3CHttpResponseCodec.decode(W3CHttpResponseCodec.java:49)\r\n\tat org.openqa.selenium.remote.HttpCommandExecutor.execute(HttpCommandExecutor.java:158)\r\n\tat org.openqa.selenium.remote.service.DriverCommandExecutor.execute(DriverCommandExecutor.java:83)\r\n\tat org.openqa.selenium.remote.RemoteWebDriver.execute(RemoteWebDriver.java:552)\r\n\tat org.openqa.selenium.remote.RemoteWebDriver.findElement(RemoteWebDriver.java:323)\r\n\tat org.openqa.selenium.remote.RemoteWebDriver.findElementByXPath(RemoteWebDriver.java:428)\r\n\tat org.openqa.selenium.By$ByXPath.findElement(By.java:353)\r\n\tat org.openqa.selenium.remote.RemoteWebDriver.findElement(RemoteWebDriver.java:315)\r\n\tat pages.FlightsPage.chooseFlightTime(FlightsPage.java:94)\r\n\tat steps.BookingSteps.iChooseFlightTime(BookingSteps.java:93)\r\n\tat ✽.I choose flight time \"12:00 AM - 17:59 PM\"(file:///C:/Users/danijela.curuvija/Desktop/Projekti_Automation_QA/BookingFlightFinal/src/test/java/features/Booking.feature:15)\r\n"},"stage":"finished","steps":[],"attachments":[],"parameters":[],"start":1646314010240,"stop":1646314020346}],"attachments":[],"parameters":[],"start":1646313981772,"stop":1646314022364,"uuid":"a6a5d6d8-37bf-4231-9d08-6319385a90c1","historyId":"78eb7e7fbda7aeeb5fde740c9ebcf7b8","fullName":"Booking: Book a flight","labels":[{"name":"host","value":"NB003"},{"name":"thread","value":"18532@NB003.PoolService-0(14)"},{"name":"feature","value":"Booking"},{"name":"story","value":"Book a flight"},{"name":"suite","value":"Booking"},{"name":"testClass","value":"Book a flight"},{"name":"framework","value":"cucumber4jvm"},{"name":"language","value":"java"},{"name":"gherkin_uri","value":"file:///C:/Users/danijela.curuvija/Desktop/Projekti_Automation_QA/BookingFlightFinal/src/test/java/features/Booking.feature"},{"name":"package","value":"src.test.java.features.Booking_feature.Booking"}],"links":[]}